<?xml version="1.0" encoding="UTF-8"?>
<!-- Generated by org.testng.reporters.JUnitXMLReporter -->
<testsuite hostname="LAPTOP-MPGEL5L5" failures="0" tests="5" name="Surefire test" time="0.05" errors="0" timestamp="5 Mar 2025 00:41:16 GMT">
  <testcase classname="com.mycompany.StudentNGTest" name="testGetAge" time="0.005"/>
  <testcase classname="com.mycompany.StudentNGTest" name="testGetName" time="0.0"/>
  <testcase classname="com.mycompany.StudentNGTest" name="testGetStudentId" time="0.001"/>
  <testcase classname="com.mycompany.StudentNGTest" name="testSetAge" time="0.0"/>
  <testcase classname="com.mycompany.StudentNGTest" name="testUpdateName" time="0.0"/>
</testsuite> <!-- Surefire test -->
